<?xml version="1.0" encoding="UTF-8"?><testsuite errors="0" failures="0" name="testpackage.WhenSignUp" skipped="0" tests="6" time="36.29" timestamp="2021-09-13 03:14:18"><testcase classname="testpackage.WhenSignUp" name="Проверка текста ошибки при пустом поле 'Логин'"/><testcase classname="testpackage.WhenSignUp" name="Проверка появления ошибки при пустом поле 'Пароль'"/><testcase classname="testpackage.WhenSignUp" name="Проверка появления ошибки при попытке входа с некорректными логин/пароль"/><testcase classname="testpackage.WhenSignUp" name="Проверка текста ошибки при пустом поле 'Пароль'"/><testcase classname="testpackage.WhenSignUp" name="Проверка появления ошибки при пустом поле 'Логин'"/><testcase classname="testpackage.WhenSignUp" name="Проверка текста ошибки при попытке входа с некорректными логин/пароль"/></testsuite>