<?xml version="1.0" encoding="UTF-8"?><testsuite errors="0" failures="1" name="testpackage.WhenCreateRequest" skipped="0" tests="1" time="18.02" timestamp="2021-09-21 09:47:25"><testcase classname="testpackage.WhenCreateRequest" name="Проверка на некорректное значение в поле 'Сумма' в блоке 'Исполнение обязательств'"><failure message="[Можно ввести текст в поле 'Сумма' в блоке 'Исполнение обязательств'] expected:&lt;&quot;[]&quot;&gt; but was:&lt;&quot;[test123/*]&quot;&gt;" type="org.junit.ComparisonFailure">[Можно ввести текст в поле 'Сумма' в блоке 'Исполнение обязательств'] expected:&lt;"[]"&gt; but was:&lt;"[test123/*]"&gt;</failure><system-err>[Можно ввести текст в поле 'Сумма' в блоке 'Исполнение обязательств'] expected:&lt;"[]"&gt; but was:&lt;"[test123/*]"&gt;&#13;
steps.CreateRequestSteps.check_invalid_text_required_sum(CreateRequestSteps.java:180)&#13;
testpackage.WhenCreateRequest.checkInvalidRequiredSum(WhenCreateRequest.java:316)&#13;
</system-err></testcase></testsuite>