<?xml version="1.0" encoding="UTF-8"?><testsuite errors="0" failures="1" name="testpackage.WhenCreateRequest" skipped="0" tests="1" time="19.63" timestamp="2021-09-23 12:02:56"><testcase classname="testpackage.WhenCreateRequest" name="Проверка создания заявки (Контракт)"><failure message="[Значение поля 'Сумма банковской гарантии' не соответствует тому, которое было при создании заявки] expected:&lt;&quot;1275800[]&quot;&gt; but was:&lt;&quot;1275800[.00]&quot;&gt;" type="org.junit.ComparisonFailure">[Значение поля 'Сумма банковской гарантии' не соответствует тому, которое было при создании заявки] expected:&lt;"1275800[]"&gt; but was:&lt;"1275800[.00]"&gt;</failure><system-err>[Значение поля 'Сумма банковской гарантии' не соответствует тому, которое было при создании заявки] expected:&lt;"1275800[]"&gt; but was:&lt;"1275800[.00]"&gt;&#13;
steps.CreateRequestSteps.check_is_equal_sum_guarantee(CreateRequestSteps.java:235)&#13;
testpackage.WhenCreateRequest.checkCreateRequest(WhenCreateRequest.java:50)&#13;
</system-err></testcase></testsuite>