<?xml version="1.0" encoding="UTF-8"?><testsuite errors="1" failures="0" name="testpackage.WhenCreateRequest" skipped="0" tests="1" time="19.3" timestamp="2021-09-23 09:45:01"><testcase classname="testpackage.WhenCreateRequest" name="Проверка на некорректное значение в поле 'Сумма' в блоке 'Исполнение обязательств'"><error message="element not interactable&#10;  (Session info: chrome=93.0.4577.82)&#10;Build info: version: '3.141.59', revision: 'e82be7d358', time: '2018-11-14T08:17:03'&#10;System info: host: 'DESKTOP-I8U9460', ip: '192.168.1.142', os.name: 'Windows 10', os.arch: 'amd64', os.version: '10.0', java.version: '11.0.12'&#10;Driver info: org.openqa.selenium.chrome.ChromeDriver&#10;Capabilities {acceptInsecureCerts: false, browserName: chrome, browserVersion: 93.0.4577.82, chrome: {chromedriverVersion: 93.0.4577.63 (ff5c0da2ec0ad..., userDataDir: C:\Users\prog\AppData\Local...}, goog:chromeOptions: {debuggerAddress: localhost:51975}, javascriptEnabled: true, networkConnectionEnabled: false, pageLoadStrategy: normal, platform: WINDOWS, platformName: WINDOWS, proxy: Proxy(), setWindowRect: true, strictFileInteractability: false, timeouts: {implicit: 0, pageLoad: 300000, script: 30000}, unhandledPromptBehavior: dismiss and notify, webauthn:extension:credBlob: true, webauthn:extension:largeBlob: true, webauthn:virtualAuthenticators: true}&#10;Session ID: 62b42618eadda8d8b727f98c48425e08" type="org.openqa.selenium.ElementNotInteractableException">element not interactable
  (Session info: chrome=93.0.4577.82)
Build info: version: '3.141.59', revision: 'e82be7d358', time: '2018-11-14T08:17:03'
System info: host: 'DESKTOP-I8U9460', ip: '192.168.1.142', os.name: 'Windows 10', os.arch: 'amd64', os.version: '10.0', java.version: '11.0.12'
Driver info: org.openqa.selenium.chrome.ChromeDriver
Capabilities {acceptInsecureCerts: false, browserName: chrome, browserVersion: 93.0.4577.82, chrome: {chromedriverVersion: 93.0.4577.63 (ff5c0da2ec0ad..., userDataDir: C:\Users\prog\AppData\Local...}, goog:chromeOptions: {debuggerAddress: localhost:51975}, javascriptEnabled: true, networkConnectionEnabled: false, pageLoadStrategy: normal, platform: WINDOWS, platformName: WINDOWS, proxy: Proxy(), setWindowRect: true, strictFileInteractability: false, timeouts: {implicit: 0, pageLoad: 300000, script: 30000}, unhandledPromptBehavior: dismiss and notify, webauthn:extension:credBlob: true, webauthn:extension:largeBlob: true, webauthn:virtualAuthenticators: true}
Session ID: 62b42618eadda8d8b727f98c48425e08</error><system-err>element not interactable
  (Session info: chrome=93.0.4577.82)
Build info: version: '3.141.59', revision: 'e82be7d358', time: '2018-11-14T08:17:03'
System info: host: 'DESKTOP-I8U9460', ip: '192.168.1.142', os.name: 'Windows 10', os.arch: 'amd64', os.version: '10.0', java.version: '11.0.12'
Driver info: org.openqa.selenium.chrome.ChromeDriver
Capabilities {acceptInsecureCerts: false, browserName: chrome, browserVersion: 93.0.4577.82, chrome: {chromedriverVersion: 93.0.4577.63 (ff5c0da2ec0ad..., userDataDir: C:\Users\prog\AppData\Local...}, goog:chromeOptions: {debuggerAddress: localhost:51975}, javascriptEnabled: true, networkConnectionEnabled: false, pageLoadStrategy: normal, platform: WINDOWS, platformName: WINDOWS, proxy: Proxy(), setWindowRect: true, strictFileInteractability: false, timeouts: {implicit: 0, pageLoad: 300000, script: 30000}, unhandledPromptBehavior: dismiss and notify, webauthn:extension:credBlob: true, webauthn:extension:largeBlob: true, webauthn:virtualAuthenticators: true}
Session ID: 62b42618eadda8d8b727f98c48425e08&#13;
pages.CreateRequestPage.setRequiredSum(CreateRequestPage.java:186)&#13;
steps.CreateRequestSteps.set_invalid_text_required_sum(CreateRequestSteps.java:174)&#13;
testpackage.WhenCreateRequest.checkInvalidRequiredSum(WhenCreateRequest.java:325)&#13;
</system-err></testcase></testsuite>