<?xml version="1.0" encoding="UTF-8"?><testsuite errors="0" failures="1" name="testpackage.WhenCreateRequest" skipped="0" tests="1" time="14.78" timestamp="2021-09-24 09:38:50"><testcase classname="testpackage.WhenCreateRequest" name="Проверка сохранения суммы банковской гарантии при изменении типа БГ"><failure message="[Поле 'Сумма банковской гарантии' не заполнена!!!] expected:&lt;[fals]e&gt; but was:&lt;[tru]e&gt;" type="org.junit.ComparisonFailure">[Поле 'Сумма банковской гарантии' не заполнена!!!] expected:&lt;[fals]e&gt; but was:&lt;[tru]e&gt;</failure><system-err>[Поле 'Сумма банковской гарантии' не заполнена!!!] expected:&lt;[fals]e&gt; but was:&lt;[tru]e&gt;&#13;
steps.CreateRequestSteps.check_sum_guarantee(CreateRequestSteps.java:81)&#13;
testpackage.WhenCreateRequest.checkNotEmptySumGuarantee(WhenCreateRequest.java:519)&#13;
</system-err></testcase></testsuite>